Librarys/build/intermediates/manifest_merge_blame_file/debug/manifest-merger-blame-debug-report.txt
1<?xml version="1.0" encoding="utf-8"?>
2<manifest xmlns:android="http://schemas.android.com/apk/res/android"
3    package="com.taskcombo.dataz" >
4
5    <uses-sdk
6        android:minSdkVersion="21"
6-->src\main\AndroidManifest.xml
7        android:targetSdkVersion="32" />
7-->src\main\AndroidManifest.xml
8
9    <uses-permission android:name="android.permission.INTERNET" />
9-->src\main\AndroidManifest.xml:5:5-67
9-->src\main\AndroidManifest.xml:5:22-64
10    <uses-permission android:name="android.permission.ACCESS_NETWORK_STATE" />
10-->src\main\AndroidManifest.xml:6:5-79
10-->src\main\AndroidManifest.xml:6:22-76
11    <uses-permission android:name="android.permission.ACCESS_WIFI_STATE" />
11-->src\main\AndroidManifest.xml:7:5-76
11-->src\main\AndroidManifest.xml:7:22-73
12
13    <application
13-->src\main\AndroidManifest.xml:9:5-20:19
14        android:allowBackup="true"
14-->src\main\AndroidManifest.xml:10:9-35
15        android:icon="@drawable/logo"
15-->src\main\AndroidManifest.xml:11:9-38
16        android:label="@string/app_name"
16-->src\main\AndroidManifest.xml:12:9-41
17        android:roundIcon="@drawable/logo"
17-->src\main\AndroidManifest.xml:13:9-43
18        android:supportsRtl="true" >
18-->src\main\AndroidManifest.xml:14:9-35
19        <meta-data
19-->src\main\AndroidManifest.xml:16:9-18:36
20            android:name="com.google.android.gms.ads.AD_MANAGER_APP"
20-->src\main\AndroidManifest.xml:17:13-69
21            android:value="true" />
21-->src\main\AndroidManifest.xml:18:13-33
22    </application>
23
24</manifest>